<?xml version="1.0" encoding="UTF-8"?>
<testsuite xmlns:xsi="http://www.w3.org/2001/XMLSchema-instance" xsi:noNamespaceSchemaLocation="https://maven.apache.org/surefire/maven-surefire-plugin/xsd/surefire-test-report.xsd" name="tests.TestExample" time="5.589" tests="4" errors="0" skipped="0" failures="0">
  <properties>
[...]
</properties>
  <testcase name="navigateToBingPOM" classname="tests.TestExample" time="1.224"/>
  <testcase name="shouldCheckTheBox" classname="tests.TestExample" time="0.154"/>
  <testcase name="shouldClickButton" classname="tests.TestExample" time="0.147"/>
  <testcase name="shouldSearchWiki" classname="tests.TestExample" time="1.389"/>
</testsuite>